c:\users\veronika\documents\visual studio 2015\projects\snake\snake\release\vc140.pdb
c:\users\veronika\documents\visual studio 2015\projects\snake\snake\release\shader.obj
c:\users\veronika\documents\visual studio 2015\projects\snake\snake\release\texturedrawableobject.obj
c:\users\veronika\documents\visual studio 2015\projects\snake\snake\release\quad.obj
c:\users\veronika\documents\visual studio 2015\projects\snake\snake\release\model.obj
c:\users\veronika\documents\visual studio 2015\projects\snake\snake\release\line.obj
c:\users\veronika\documents\visual studio 2015\projects\snake\snake\release\letter.obj
c:\users\veronika\documents\visual studio 2015\projects\snake\snake\release\basicdrawableobject.obj
c:\users\veronika\documents\visual studio 2015\projects\snake\snake\release\vector3.obj
c:\users\veronika\documents\visual studio 2015\projects\snake\snake\release\main.obj
c:\users\veronika\documents\visual studio 2015\projects\snake\snake\release\shadersmanager.obj
c:\users\veronika\documents\visual studio 2015\projects\snake\snake\release\modelmanager.obj
c:\users\veronika\documents\visual studio 2015\projects\snake\snake\release\fontsmanager.obj
c:\users\veronika\documents\visual studio 2015\projects\snake\snake\release\snake.obj
c:\users\veronika\documents\visual studio 2015\projects\snake\snake\release\scoreboard.obj
c:\users\veronika\documents\visual studio 2015\projects\snake\snake\release\playground.obj
c:\users\veronika\documents\visual studio 2015\projects\snake\snake\release\application.obj
c:\users\veronika\documents\visual studio 2015\projects\snake\release\snake.exe
c:\users\veronika\documents\visual studio 2015\projects\snake\release\snake.ipdb
c:\users\veronika\documents\visual studio 2015\projects\snake\release\snake.iobj
c:\users\veronika\documents\visual studio 2015\projects\snake\release\snake.pdb
c:\users\veronika\documents\visual studio 2015\projects\snake\snake\release\snake.tlog\cl.command.1.tlog
c:\users\veronika\documents\visual studio 2015\projects\snake\snake\release\snake.tlog\cl.read.1.tlog
c:\users\veronika\documents\visual studio 2015\projects\snake\snake\release\snake.tlog\cl.write.1.tlog
c:\users\veronika\documents\visual studio 2015\projects\snake\snake\release\snake.tlog\link.command.1.tlog
c:\users\veronika\documents\visual studio 2015\projects\snake\snake\release\snake.tlog\link.read.1.tlog
c:\users\veronika\documents\visual studio 2015\projects\snake\snake\release\snake.tlog\link.write.1.tlog
