  application.cpp
  playground.cpp
  scoreboard.cpp
  snake.cpp
  fontsmanager.cpp
  ModelManager.cpp
  shadersmanager.cpp
  Main.cpp
  Vector3.cpp
  BasicDrawableObject.cpp
  letter.cpp
  line.cpp
  model.cpp
  quad.cpp
  TextureDrawableObject.cpp
  shader.cpp
  Generating code
c:\users\veronika\documents\visual studio 2015\projects\snake\snake\source\managers\fontsmanager.cpp(25): warning C4715: 'Fontsmanager::getFace': not all control paths return a value
c:\users\veronika\documents\visual studio 2015\projects\snake\snake\source\managers\shadersmanager.cpp(24): warning C4715: 'Shadersmanager::getProgramID': not all control paths return a value
  All 2204 functions were compiled because no usable IPDB/IOBJ from previous compilation was found.
  Finished generating code
  Snake.vcxproj -> C:\Users\Veronika\documents\visual studio 2015\Projects\Snake\Release\Snake.exe
  Snake.vcxproj -> C:\Users\Veronika\documents\visual studio 2015\Projects\Snake\Release\Snake.pdb (Full PDB)
